<?xml version="1.0" encoding="UTF-8"?>
<!-- Generated by org.testng.reporters.JUnitReportReporter -->
<testsuite hostname="DESKTOP-K4LJSUG" failures="0" tests="1" name="TestingCrssbrwse.browsertesting" time="22.507" errors="0" timestamp="2023-02-20T17:12:26 IST" skipped="0">
  <testcase classname="TestingCrssbrwse.browsertesting" name="verifytitle" time="22.507"/>
  <system-out/>
</testsuite> <!-- TestingCrssbrwse.browsertesting -->
