<?xml version="1.0" encoding="UTF-8"?>
<!-- Generated by org.testng.reporters.JUnitReportReporter -->
<testsuite hostname="DESKTOP-K4LJSUG" failures="0" tests="1" name="Testjava.crossbrowserTest" time="10.988" errors="0" timestamp="2023-02-20T15:10:23 IST" skipped="0">
  <testcase classname="Testjava.crossbrowserTest" name="verifytitle" time="10.988"/>
  <system-out/>
</testsuite> <!-- Testjava.crossbrowserTest -->
