<?xml version="1.0" encoding="UTF-8"?>
<!-- Generated by org.testng.reporters.JUnitReportReporter -->
<testsuite hostname="DESKTOP-K4LJSUG" failures="0" tests="4" name="testjava.LoginTest" time="3.366" errors="0" timestamp="2023-02-20T21:35:13 IST" skipped="0">
  <testcase classname="testjava.LoginTest" name="verifyBuildTitleName" time="0.518"/>
  <system-out/>
  <testcase classname="testjava.LoginTest" name="verifyTitleofLoginPage" time="0.203"/>
  <system-out/>
  <testcase classname="testjava.LoginTest" name="verifyCurrentUrlOfPage" time="0.015"/>
  <system-out/>
  <testcase classname="testjava.LoginTest" name="verifyloginWithCorrectCrediential" time="2.630"/>
  <system-out/>
</testsuite> <!-- testjava.LoginTest -->
